<?xml version="1.0" encoding="UTF-8"?>
<testsuite xmlns:xsi="http://www.w3.org/2001/XMLSchema-instance" xsi:noNamespaceSchemaLocation="https://maven.apache.org/surefire/maven-surefire-plugin/xsd/surefire-test-report-3.0.xsd" version="3.0" name="com.example.carshop.CarShopApplicationTests" time="8.961" tests="1" errors="0" skipped="0" failures="0">
  <properties>
    <property name="java.specification.version" value="21"/>
    <property name="sun.cpu.isalist" value="amd64"/>
    <property name="sun.jnu.encoding" value="Cp1250"/>
    <property name="java.class.path" value="F:\Projekty\CarShop\target\test-classes;F:\Projekty\CarShop\target\classes;C:\Users\Lukasz\.m2\repository\org\springframework\boot\spring-boot-starter-data-jpa\3.1.5\spring-boot-starter-data-jpa-3.1.5.jar;C:\Users\Lukasz\.m2\repository\org\springframework\boot\spring-boot-starter-aop\3.1.5\spring-boot-starter-aop-3.1.5.jar;C:\Users\Lukasz\.m2\repository\org\springframework\spring-aop\6.0.13\spring-aop-6.0.13.jar;C:\Users\Lukasz\.m2\repository\org\aspectj\aspectjweaver\1.9.20\aspectjweaver-1.9.20.jar;C:\Users\Lukasz\.m2\repository\org\springframework\boot\spring-boot-starter-jdbc\3.1.5\spring-boot-starter-jdbc-3.1.5.jar;C:\Users\Lukasz\.m2\repository\com\zaxxer\HikariCP\5.0.1\HikariCP-5.0.1.jar;C:\Users\Lukasz\.m2\repository\org\springframework\spring-jdbc\6.0.13\spring-jdbc-6.0.13.jar;C:\Users\Lukasz\.m2\repository\org\hibernate\orm\hibernate-core\6.2.13.Final\hibernate-core-6.2.13.Final.jar;C:\Users\Lukasz\.m2\repository\jakarta\persistence\jakarta.persistence-api\3.1.0\jakarta.persistence-api-3.1.0.jar;C:\Users\Lukasz\.m2\repository\jakarta\transaction\jakarta.transaction-api\2.0.1\jakarta.transaction-api-2.0.1.jar;C:\Users\Lukasz\.m2\repository\org\jboss\logging\jboss-logging\3.5.3.Final\jboss-logging-3.5.3.Final.jar;C:\Users\Lukasz\.m2\repository\org\hibernate\common\hibernate-commons-annotations\6.0.6.Final\hibernate-commons-annotations-6.0.6.Final.jar;C:\Users\Lukasz\.m2\repository\io\smallrye\jandex\3.0.5\jandex-3.0.5.jar;C:\Users\Lukasz\.m2\repository\com\fasterxml\classmate\1.5.1\classmate-1.5.1.jar;C:\Users\Lukasz\.m2\repository\net\bytebuddy\byte-buddy\1.14.9\byte-buddy-1.14.9.jar;C:\Users\Lukasz\.m2\repository\org\glassfish\jaxb\jaxb-runtime\4.0.3\jaxb-runtime-4.0.3.jar;C:\Users\Lukasz\.m2\repository\org\glassfish\jaxb\jaxb-core\4.0.3\jaxb-core-4.0.3.jar;C:\Users\Lukasz\.m2\repository\org\eclipse\angus\angus-activation\2.0.1\angus-activation-2.0.1.jar;C:\Users\Lukasz\.m2\repository\org\glassfish\jaxb\txw2\4.0.3\txw2-4.0.3.jar;C:\Users\Lukasz\.m2\repository\com\sun\istack\istack-commons-runtime\4.1.2\istack-commons-runtime-4.1.2.jar;C:\Users\Lukasz\.m2\repository\jakarta\inject\jakarta.inject-api\2.0.1\jakarta.inject-api-2.0.1.jar;C:\Users\Lukasz\.m2\repository\org\antlr\antlr4-runtime\4.10.1\antlr4-runtime-4.10.1.jar;C:\Users\Lukasz\.m2\repository\org\springframework\data\spring-data-jpa\3.1.5\spring-data-jpa-3.1.5.jar;C:\Users\Lukasz\.m2\repository\org\springframework\data\spring-data-commons\3.1.5\spring-data-commons-3.1.5.jar;C:\Users\Lukasz\.m2\repository\org\springframework\spring-orm\6.0.13\spring-orm-6.0.13.jar;C:\Users\Lukasz\.m2\repository\org\springframework\spring-context\6.0.13\spring-context-6.0.13.jar;C:\Users\Lukasz\.m2\repository\org\springframework\spring-tx\6.0.13\spring-tx-6.0.13.jar;C:\Users\Lukasz\.m2\repository\org\springframework\spring-beans\6.0.13\spring-beans-6.0.13.jar;C:\Users\Lukasz\.m2\repository\jakarta\annotation\jakarta.annotation-api\2.1.1\jakarta.annotation-api-2.1.1.jar;C:\Users\Lukasz\.m2\repository\org\slf4j\slf4j-api\2.0.9\slf4j-api-2.0.9.jar;C:\Users\Lukasz\.m2\repository\org\springframework\spring-aspects\6.0.13\spring-aspects-6.0.13.jar;C:\Users\Lukasz\.m2\repository\org\springframework\boot\spring-boot-starter-web\3.1.5\spring-boot-starter-web-3.1.5.jar;C:\Users\Lukasz\.m2\repository\org\springframework\boot\spring-boot-starter\3.1.5\spring-boot-starter-3.1.5.jar;C:\Users\Lukasz\.m2\repository\org\springframework\boot\spring-boot\3.1.5\spring-boot-3.1.5.jar;C:\Users\Lukasz\.m2\repository\org\springframework\boot\spring-boot-autoconfigure\3.1.5\spring-boot-autoconfigure-3.1.5.jar;C:\Users\Lukasz\.m2\repository\org\springframework\boot\spring-boot-starter-logging\3.1.5\spring-boot-starter-logging-3.1.5.jar;C:\Users\Lukasz\.m2\repository\ch\qos\logback\logback-classic\1.4.11\logback-classic-1.4.11.jar;C:\Users\Lukasz\.m2\repository\ch\qos\logback\logback-core\1.4.11\logback-core-1.4.11.jar;C:\Users\Lukasz\.m2\repository\org\apache\logging\log4j\log4j-to-slf4j\2.20.0\log4j-to-slf4j-2.20.0.jar;C:\Users\Lukasz\.m2\repository\org\apache\logging\log4j\log4j-api\2.20.0\log4j-api-2.20.0.jar;C:\Users\Lukasz\.m2\repository\org\slf4j\jul-to-slf4j\2.0.9\jul-to-slf4j-2.0.9.jar;C:\Users\Lukasz\.m2\repository\org\yaml\snakeyaml\1.33\snakeyaml-1.33.jar;C:\Users\Lukasz\.m2\repository\org\springframework\boot\spring-boot-starter-json\3.1.5\spring-boot-starter-json-3.1.5.jar;C:\Users\Lukasz\.m2\repository\com\fasterxml\jackson\core\jackson-databind\2.15.3\jackson-databind-2.15.3.jar;C:\Users\Lukasz\.m2\repository\com\fasterxml\jackson\core\jackson-annotations\2.15.3\jackson-annotations-2.15.3.jar;C:\Users\Lukasz\.m2\repository\com\fasterxml\jackson\core\jackson-core\2.15.3\jackson-core-2.15.3.jar;C:\Users\Lukasz\.m2\repository\com\fasterxml\jackson\datatype\jackson-datatype-jdk8\2.15.3\jackson-datatype-jdk8-2.15.3.jar;C:\Users\Lukasz\.m2\repository\com\fasterxml\jackson\datatype\jackson-datatype-jsr310\2.15.3\jackson-datatype-jsr310-2.15.3.jar;C:\Users\Lukasz\.m2\repository\com\fasterxml\jackson\module\jackson-module-parameter-names\2.15.3\jackson-module-parameter-names-2.15.3.jar;C:\Users\Lukasz\.m2\repository\org\springframework\boot\spring-boot-starter-tomcat\3.1.5\spring-boot-starter-tomcat-3.1.5.jar;C:\Users\Lukasz\.m2\repository\org\apache\tomcat\embed\tomcat-embed-core\10.1.15\tomcat-embed-core-10.1.15.jar;C:\Users\Lukasz\.m2\repository\org\apache\tomcat\embed\tomcat-embed-el\10.1.15\tomcat-embed-el-10.1.15.jar;C:\Users\Lukasz\.m2\repository\org\apache\tomcat\embed\tomcat-embed-websocket\10.1.15\tomcat-embed-websocket-10.1.15.jar;C:\Users\Lukasz\.m2\repository\org\springframework\spring-web\6.0.13\spring-web-6.0.13.jar;C:\Users\Lukasz\.m2\repository\io\micrometer\micrometer-observation\1.11.5\micrometer-observation-1.11.5.jar;C:\Users\Lukasz\.m2\repository\io\micrometer\micrometer-commons\1.11.5\micrometer-commons-1.11.5.jar;C:\Users\Lukasz\.m2\repository\org\springframework\spring-webmvc\6.0.13\spring-webmvc-6.0.13.jar;C:\Users\Lukasz\.m2\repository\org\springframework\spring-expression\6.0.13\spring-expression-6.0.13.jar;C:\Users\Lukasz\.m2\repository\com\vaadin\vaadin-spring-boot-starter\24.2.2\vaadin-spring-boot-starter-24.2.2.jar;C:\Users\Lukasz\.m2\repository\com\vaadin\vaadin-spring\24.2.2\vaadin-spring-24.2.2.jar;C:\Users\Lukasz\.m2\repository\com\vaadin\flow-server\24.2.2\flow-server-24.2.2.jar;C:\Users\Lukasz\.m2\repository\com\vaadin\servletdetector\throw-if-servlet3\1.0.2\throw-if-servlet3-1.0.2.jar;C:\Users\Lukasz\.m2\repository\com\vaadin\external\gwt\gwt-elemental\2.8.2.vaadin2\gwt-elemental-2.8.2.vaadin2.jar;C:\Users\Lukasz\.m2\repository\org\apache\commons\commons-fileupload2-jakarta\2.0.0-M1\commons-fileupload2-jakarta-2.0.0-M1.jar;C:\Users\Lukasz\.m2\repository\org\apache\commons\commons-fileupload2-core\2.0.0-M1\commons-fileupload2-core-2.0.0-M1.jar;C:\Users\Lukasz\.m2\repository\commons-io\commons-io\2.13.0\commons-io-2.13.0.jar;C:\Users\Lukasz\.m2\repository\org\jsoup\jsoup\1.16.1\jsoup-1.16.1.jar;C:\Users\Lukasz\.m2\repository\com\helger\ph-css\7.0.1\ph-css-7.0.1.jar;C:\Users\Lukasz\.m2\repository\com\helger\commons\ph-commons\11.1.0\ph-commons-11.1.0.jar;C:\Users\Lukasz\.m2\repository\org\ow2\asm\asm\9.5\asm-9.5.jar;C:\Users\Lukasz\.m2\repository\com\vaadin\external\gentyref\1.2.0.vaadin1\gentyref-1.2.0.vaadin1.jar;C:\Users\Lukasz\.m2\repository\org\apache\commons\commons-compress\1.24.0\commons-compress-1.24.0.jar;C:\Users\Lukasz\.m2\repository\com\vaadin\flow-push\24.2.2\flow-push-24.2.2.jar;C:\Users\Lukasz\.m2\repository\com\vaadin\external\atmosphere\atmosphere-runtime\3.0.3.slf4jvaadin1\atmosphere-runtime-3.0.3.slf4jvaadin1.jar;C:\Users\Lukasz\.m2\repository\com\vaadin\flow-client\24.2.2\flow-client-24.2.2.jar;C:\Users\Lukasz\.m2\repository\org\springframework\spring-websocket\6.0.13\spring-websocket-6.0.13.jar;C:\Users\Lukasz\.m2\repository\org\hibernate\validator\hibernate-validator\8.0.1.Final\hibernate-validator-8.0.1.Final.jar;C:\Users\Lukasz\.m2\repository\jakarta\validation\jakarta.validation-api\3.0.2\jakarta.validation-api-3.0.2.jar;C:\Users\Lukasz\.m2\repository\org\reflections\reflections\0.10.2\reflections-0.10.2.jar;C:\Users\Lukasz\.m2\repository\org\javassist\javassist\3.28.0-GA\javassist-3.28.0-GA.jar;C:\Users\Lukasz\.m2\repository\com\google\code\findbugs\jsr305\3.0.2\jsr305-3.0.2.jar;C:\Users\Lukasz\.m2\repository\com\vaadin\vaadin-core\24.2.2\vaadin-core-24.2.2.jar;C:\Users\Lukasz\.m2\repository\com\vaadin\vaadin-core-internal\24.2.2\vaadin-core-internal-24.2.2.jar;C:\Users\Lukasz\.m2\repository\com\vaadin\flow-lit-template\24.2.2\flow-lit-template-24.2.2.jar;C:\Users\Lukasz\.m2\repository\com\vaadin\flow-html-components\24.2.2\flow-html-components-24.2.2.jar;C:\Users\Lukasz\.m2\repository\com\vaadin\flow-data\24.2.2\flow-data-24.2.2.jar;C:\Users\Lukasz\.m2\repository\com\vaadin\flow-dnd\24.2.2\flow-dnd-24.2.2.jar;C:\Users\Lukasz\.m2\repository\com\vaadin\vaadin-lumo-theme\24.2.2\vaadin-lumo-theme-24.2.2.jar;C:\Users\Lukasz\.m2\repository\com\vaadin\vaadin-material-theme\24.2.2\vaadin-material-theme-24.2.2.jar;C:\Users\Lukasz\.m2\repository\com\vaadin\vaadin-accordion-flow\24.2.2\vaadin-accordion-flow-24.2.2.jar;C:\Users\Lukasz\.m2\repository\com\vaadin\vaadin-avatar-flow\24.2.2\vaadin-avatar-flow-24.2.2.jar;C:\Users\Lukasz\.m2\repository\com\vaadin\vaadin-flow-components-base\24.2.2\vaadin-flow-components-base-24.2.2.jar;C:\Users\Lukasz\.m2\repository\com\vaadin\vaadin-button-flow\24.2.2\vaadin-button-flow-24.2.2.jar;C:\Users\Lukasz\.m2\repository\com\vaadin\vaadin-checkbox-flow\24.2.2\vaadin-checkbox-flow-24.2.2.jar;C:\Users\Lukasz\.m2\repository\com\vaadin\vaadin-combo-box-flow\24.2.2\vaadin-combo-box-flow-24.2.2.jar;C:\Users\Lukasz\.m2\repository\com\vaadin\vaadin-confirm-dialog-flow\24.2.2\vaadin-confirm-dialog-flow-24.2.2.jar;C:\Users\Lukasz\.m2\repository\com\vaadin\vaadin-custom-field-flow\24.2.2\vaadin-custom-field-flow-24.2.2.jar;C:\Users\Lukasz\.m2\repository\com\vaadin\vaadin-date-picker-flow\24.2.2\vaadin-date-picker-flow-24.2.2.jar;C:\Users\Lukasz\.m2\repository\com\vaadin\vaadin-date-time-picker-flow\24.2.2\vaadin-date-time-picker-flow-24.2.2.jar;C:\Users\Lukasz\.m2\repository\com\vaadin\vaadin-details-flow\24.2.2\vaadin-details-flow-24.2.2.jar;C:\Users\Lukasz\.m2\repository\com\vaadin\vaadin-time-picker-flow\24.2.2\vaadin-time-picker-flow-24.2.2.jar;C:\Users\Lukasz\.m2\repository\com\vaadin\vaadin-select-flow\24.2.2\vaadin-select-flow-24.2.2.jar;C:\Users\Lukasz\.m2\repository\com\vaadin\vaadin-side-nav-flow\24.2.2\vaadin-side-nav-flow-24.2.2.jar;C:\Users\Lukasz\.m2\repository\com\vaadin\vaadin-dialog-flow\24.2.2\vaadin-dialog-flow-24.2.2.jar;C:\Users\Lukasz\.m2\repository\com\vaadin\vaadin-form-layout-flow\24.2.2\vaadin-form-layout-flow-24.2.2.jar;C:\Users\Lukasz\.m2\repository\com\vaadin\vaadin-field-highlighter-flow\24.2.2\vaadin-field-highlighter-flow-24.2.2.jar;C:\Users\Lukasz\.m2\repository\com\vaadin\vaadin-grid-flow\24.2.2\vaadin-grid-flow-24.2.2.jar;C:\Users\Lukasz\.m2\repository\org\apache\commons\commons-lang3\3.12.0\commons-lang3-3.12.0.jar;C:\Users\Lukasz\.m2\repository\com\vaadin\vaadin-icons-flow\24.2.2\vaadin-icons-flow-24.2.2.jar;C:\Users\Lukasz\.m2\repository\com\vaadin\vaadin-virtual-list-flow\24.2.2\vaadin-virtual-list-flow-24.2.2.jar;C:\Users\Lukasz\.m2\repository\com\vaadin\vaadin-list-box-flow\24.2.2\vaadin-list-box-flow-24.2.2.jar;C:\Users\Lukasz\.m2\repository\com\vaadin\vaadin-login-flow\24.2.2\vaadin-login-flow-24.2.2.jar;C:\Users\Lukasz\.m2\repository\com\vaadin\vaadin-messages-flow\24.2.2\vaadin-messages-flow-24.2.2.jar;C:\Users\Lukasz\.m2\repository\com\vaadin\vaadin-ordered-layout-flow\24.2.2\vaadin-ordered-layout-flow-24.2.2.jar;C:\Users\Lukasz\.m2\repository\com\vaadin\vaadin-progress-bar-flow\24.2.2\vaadin-progress-bar-flow-24.2.2.jar;C:\Users\Lukasz\.m2\repository\com\vaadin\vaadin-radio-button-flow\24.2.2\vaadin-radio-button-flow-24.2.2.jar;C:\Users\Lukasz\.m2\repository\com\vaadin\vaadin-renderer-flow\24.2.2\vaadin-renderer-flow-24.2.2.jar;C:\Users\Lukasz\.m2\repository\com\vaadin\vaadin-split-layout-flow\24.2.2\vaadin-split-layout-flow-24.2.2.jar;C:\Users\Lukasz\.m2\repository\com\vaadin\vaadin-tabs-flow\24.2.2\vaadin-tabs-flow-24.2.2.jar;C:\Users\Lukasz\.m2\repository\com\vaadin\vaadin-text-field-flow\24.2.2\vaadin-text-field-flow-24.2.2.jar;C:\Users\Lukasz\.m2\repository\com\vaadin\vaadin-upload-flow\24.2.2\vaadin-upload-flow-24.2.2.jar;C:\Users\Lukasz\.m2\repository\com\vaadin\vaadin-notification-flow\24.2.2\vaadin-notification-flow-24.2.2.jar;C:\Users\Lukasz\.m2\repository\com\vaadin\vaadin-app-layout-flow\24.2.2\vaadin-app-layout-flow-24.2.2.jar;C:\Users\Lukasz\.m2\repository\com\vaadin\vaadin-context-menu-flow\24.2.2\vaadin-context-menu-flow-24.2.2.jar;C:\Users\Lukasz\.m2\repository\com\vaadin\vaadin-menu-bar-flow\24.2.2\vaadin-menu-bar-flow-24.2.2.jar;C:\Users\Lukasz\.m2\repository\com\vaadin\vaadin-dev\24.2.2\vaadin-dev-24.2.2.jar;C:\Users\Lukasz\.m2\repository\com\vaadin\vaadin-dev-server\24.2.2\vaadin-dev-server-24.2.2.jar;C:\Users\Lukasz\.m2\repository\com\vaadin\license-checker\1.12.3\license-checker-1.12.3.jar;C:\Users\Lukasz\.m2\repository\com\github\oshi\oshi-core\6.4.1\oshi-core-6.4.1.jar;C:\Users\Lukasz\.m2\repository\net\java\dev\jna\jna\5.13.0\jna-5.13.0.jar;C:\Users\Lukasz\.m2\repository\net\java\dev\jna\jna-platform\5.13.0\jna-platform-5.13.0.jar;C:\Users\Lukasz\.m2\repository\com\nimbusds\nimbus-jose-jwt\9.31\nimbus-jose-jwt-9.31.jar;C:\Users\Lukasz\.m2\repository\org\lucee\jcip-annotations\1.0.0\jcip-annotations-1.0.0.jar;C:\Users\Lukasz\.m2\repository\com\vaadin\open\8.5.0\open-8.5.0.jar;C:\Users\Lukasz\.m2\repository\com\github\javaparser\javaparser-core\3.25.5\javaparser-core-3.25.5.jar;C:\Users\Lukasz\.m2\repository\io\methvin\directory-watcher\0.18.0\directory-watcher-0.18.0.jar;C:\Users\Lukasz\.m2\repository\com\vaadin\vaadin-dev-bundle\24.2.2\vaadin-dev-bundle-24.2.2.jar;C:\Users\Lukasz\.m2\repository\com\h2database\h2\2.1.214\h2-2.1.214.jar;C:\Users\Lukasz\.m2\repository\com\mysql\mysql-connector-j\8.0.33\mysql-connector-j-8.0.33.jar;C:\Users\Lukasz\.m2\repository\org\springframework\boot\spring-boot-starter-test\3.1.5\spring-boot-starter-test-3.1.5.jar;C:\Users\Lukasz\.m2\repository\org\springframework\boot\spring-boot-test\3.1.5\spring-boot-test-3.1.5.jar;C:\Users\Lukasz\.m2\repository\org\springframework\boot\spring-boot-test-autoconfigure\3.1.5\spring-boot-test-autoconfigure-3.1.5.jar;C:\Users\Lukasz\.m2\repository\com\jayway\jsonpath\json-path\2.8.0\json-path-2.8.0.jar;C:\Users\Lukasz\.m2\repository\jakarta\xml\bind\jakarta.xml.bind-api\4.0.1\jakarta.xml.bind-api-4.0.1.jar;C:\Users\Lukasz\.m2\repository\jakarta\activation\jakarta.activation-api\2.1.2\jakarta.activation-api-2.1.2.jar;C:\Users\Lukasz\.m2\repository\net\minidev\json-smart\2.4.11\json-smart-2.4.11.jar;C:\Users\Lukasz\.m2\repository\net\minidev\accessors-smart\2.4.11\accessors-smart-2.4.11.jar;C:\Users\Lukasz\.m2\repository\org\assertj\assertj-core\3.24.2\assertj-core-3.24.2.jar;C:\Users\Lukasz\.m2\repository\org\hamcrest\hamcrest\2.2\hamcrest-2.2.jar;C:\Users\Lukasz\.m2\repository\org\junit\jupiter\junit-jupiter\5.9.3\junit-jupiter-5.9.3.jar;C:\Users\Lukasz\.m2\repository\org\junit\jupiter\junit-jupiter-api\5.9.3\junit-jupiter-api-5.9.3.jar;C:\Users\Lukasz\.m2\repository\org\opentest4j\opentest4j\1.2.0\opentest4j-1.2.0.jar;C:\Users\Lukasz\.m2\repository\org\junit\platform\junit-platform-commons\1.9.3\junit-platform-commons-1.9.3.jar;C:\Users\Lukasz\.m2\repository\org\apiguardian\apiguardian-api\1.1.2\apiguardian-api-1.1.2.jar;C:\Users\Lukasz\.m2\repository\org\junit\jupiter\junit-jupiter-params\5.9.3\junit-jupiter-params-5.9.3.jar;C:\Users\Lukasz\.m2\repository\org\junit\jupiter\junit-jupiter-engine\5.9.3\junit-jupiter-engine-5.9.3.jar;C:\Users\Lukasz\.m2\repository\org\junit\platform\junit-platform-engine\1.9.3\junit-platform-engine-1.9.3.jar;C:\Users\Lukasz\.m2\repository\org\mockito\mockito-core\5.3.1\mockito-core-5.3.1.jar;C:\Users\Lukasz\.m2\repository\net\bytebuddy\byte-buddy-agent\1.14.9\byte-buddy-agent-1.14.9.jar;C:\Users\Lukasz\.m2\repository\org\objenesis\objenesis\3.3\objenesis-3.3.jar;C:\Users\Lukasz\.m2\repository\org\mockito\mockito-junit-jupiter\5.3.1\mockito-junit-jupiter-5.3.1.jar;C:\Users\Lukasz\.m2\repository\org\skyscreamer\jsonassert\1.5.1\jsonassert-1.5.1.jar;C:\Users\Lukasz\.m2\repository\com\vaadin\external\google\android-json\0.0.20131108.vaadin1\android-json-0.0.20131108.vaadin1.jar;C:\Users\Lukasz\.m2\repository\org\springframework\spring-core\6.0.13\spring-core-6.0.13.jar;C:\Users\Lukasz\.m2\repository\org\springframework\spring-jcl\6.0.13\spring-jcl-6.0.13.jar;C:\Users\Lukasz\.m2\repository\org\springframework\spring-test\6.0.13\spring-test-6.0.13.jar;C:\Users\Lukasz\.m2\repository\org\xmlunit\xmlunit-core\2.9.1\xmlunit-core-2.9.1.jar;C:\Users\Lukasz\.m2\repository\com\vaadin\flow-server-production-mode\24.2.2\flow-server-production-mode-24.2.2.jar;"/>
    <property name="java.vm.vendor" value="Oracle Corporation"/>
    <property name="sun.arch.data.model" value="64"/>
    <property name="user.variant" value=""/>
    <property name="spring.devtools.livereload.port" value="35729"/>
    <property name="java.vendor.url" value="https://java.oracle.com/"/>
    <property name="user.timezone" value="Europe/Warsaw"/>
    <property name="org.jboss.logging.provider" value="slf4j"/>
    <property name="os.name" value="Windows 10"/>
    <property name="java.vm.specification.version" value="21"/>
    <property name="sun.java.launcher" value="SUN_STANDARD"/>
    <property name="user.country" value="PL"/>
    <property name="sun.boot.library.path" value="C:\Program Files\Java\jdk-21\bin"/>
    <property name="sun.java.command" value="C:\Users\Lukasz\AppData\Local\Temp\surefire12031601798397928993\surefirebooter-20231120141131002_3.jar C:\Users\Lukasz\AppData\Local\Temp\surefire12031601798397928993 2023-11-20T14-11-30_824-jvmRun1 surefire-20231120141131002_1tmp surefire_0-20231120141131002_2tmp"/>
    <property name="jdk.debug" value="release"/>
    <property name="surefire.test.class.path" value="F:\Projekty\CarShop\target\test-classes;F:\Projekty\CarShop\target\classes;C:\Users\Lukasz\.m2\repository\org\springframework\boot\spring-boot-starter-data-jpa\3.1.5\spring-boot-starter-data-jpa-3.1.5.jar;C:\Users\Lukasz\.m2\repository\org\springframework\boot\spring-boot-starter-aop\3.1.5\spring-boot-starter-aop-3.1.5.jar;C:\Users\Lukasz\.m2\repository\org\springframework\spring-aop\6.0.13\spring-aop-6.0.13.jar;C:\Users\Lukasz\.m2\repository\org\aspectj\aspectjweaver\1.9.20\aspectjweaver-1.9.20.jar;C:\Users\Lukasz\.m2\repository\org\springframework\boot\spring-boot-starter-jdbc\3.1.5\spring-boot-starter-jdbc-3.1.5.jar;C:\Users\Lukasz\.m2\repository\com\zaxxer\HikariCP\5.0.1\HikariCP-5.0.1.jar;C:\Users\Lukasz\.m2\repository\org\springframework\spring-jdbc\6.0.13\spring-jdbc-6.0.13.jar;C:\Users\Lukasz\.m2\repository\org\hibernate\orm\hibernate-core\6.2.13.Final\hibernate-core-6.2.13.Final.jar;C:\Users\Lukasz\.m2\repository\jakarta\persistence\jakarta.persistence-api\3.1.0\jakarta.persistence-api-3.1.0.jar;C:\Users\Lukasz\.m2\repository\jakarta\transaction\jakarta.transaction-api\2.0.1\jakarta.transaction-api-2.0.1.jar;C:\Users\Lukasz\.m2\repository\org\jboss\logging\jboss-logging\3.5.3.Final\jboss-logging-3.5.3.Final.jar;C:\Users\Lukasz\.m2\repository\org\hibernate\common\hibernate-commons-annotations\6.0.6.Final\hibernate-commons-annotations-6.0.6.Final.jar;C:\Users\Lukasz\.m2\repository\io\smallrye\jandex\3.0.5\jandex-3.0.5.jar;C:\Users\Lukasz\.m2\repository\com\fasterxml\classmate\1.5.1\classmate-1.5.1.jar;C:\Users\Lukasz\.m2\repository\net\bytebuddy\byte-buddy\1.14.9\byte-buddy-1.14.9.jar;C:\Users\Lukasz\.m2\repository\org\glassfish\jaxb\jaxb-runtime\4.0.3\jaxb-runtime-4.0.3.jar;C:\Users\Lukasz\.m2\repository\org\glassfish\jaxb\jaxb-core\4.0.3\jaxb-core-4.0.3.jar;C:\Users\Lukasz\.m2\repository\org\eclipse\angus\angus-activation\2.0.1\angus-activation-2.0.1.jar;C:\Users\Lukasz\.m2\repository\org\glassfish\jaxb\txw2\4.0.3\txw2-4.0.3.jar;C:\Users\Lukasz\.m2\repository\com\sun\istack\istack-commons-runtime\4.1.2\istack-commons-runtime-4.1.2.jar;C:\Users\Lukasz\.m2\repository\jakarta\inject\jakarta.inject-api\2.0.1\jakarta.inject-api-2.0.1.jar;C:\Users\Lukasz\.m2\repository\org\antlr\antlr4-runtime\4.10.1\antlr4-runtime-4.10.1.jar;C:\Users\Lukasz\.m2\repository\org\springframework\data\spring-data-jpa\3.1.5\spring-data-jpa-3.1.5.jar;C:\Users\Lukasz\.m2\repository\org\springframework\data\spring-data-commons\3.1.5\spring-data-commons-3.1.5.jar;C:\Users\Lukasz\.m2\repository\org\springframework\spring-orm\6.0.13\spring-orm-6.0.13.jar;C:\Users\Lukasz\.m2\repository\org\springframework\spring-context\6.0.13\spring-context-6.0.13.jar;C:\Users\Lukasz\.m2\repository\org\springframework\spring-tx\6.0.13\spring-tx-6.0.13.jar;C:\Users\Lukasz\.m2\repository\org\springframework\spring-beans\6.0.13\spring-beans-6.0.13.jar;C:\Users\Lukasz\.m2\repository\jakarta\annotation\jakarta.annotation-api\2.1.1\jakarta.annotation-api-2.1.1.jar;C:\Users\Lukasz\.m2\repository\org\slf4j\slf4j-api\2.0.9\slf4j-api-2.0.9.jar;C:\Users\Lukasz\.m2\repository\org\springframework\spring-aspects\6.0.13\spring-aspects-6.0.13.jar;C:\Users\Lukasz\.m2\repository\org\springframework\boot\spring-boot-starter-web\3.1.5\spring-boot-starter-web-3.1.5.jar;C:\Users\Lukasz\.m2\repository\org\springframework\boot\spring-boot-starter\3.1.5\spring-boot-starter-3.1.5.jar;C:\Users\Lukasz\.m2\repository\org\springframework\boot\spring-boot\3.1.5\spring-boot-3.1.5.jar;C:\Users\Lukasz\.m2\repository\org\springframework\boot\spring-boot-autoconfigure\3.1.5\spring-boot-autoconfigure-3.1.5.jar;C:\Users\Lukasz\.m2\repository\org\springframework\boot\spring-boot-starter-logging\3.1.5\spring-boot-starter-logging-3.1.5.jar;C:\Users\Lukasz\.m2\repository\ch\qos\logback\logback-classic\1.4.11\logback-classic-1.4.11.jar;C:\Users\Lukasz\.m2\repository\ch\qos\logback\logback-core\1.4.11\logback-core-1.4.11.jar;C:\Users\Lukasz\.m2\repository\org\apache\logging\log4j\log4j-to-slf4j\2.20.0\log4j-to-slf4j-2.20.0.jar;C:\Users\Lukasz\.m2\repository\org\apache\logging\log4j\log4j-api\2.20.0\log4j-api-2.20.0.jar;C:\Users\Lukasz\.m2\repository\org\slf4j\jul-to-slf4j\2.0.9\jul-to-slf4j-2.0.9.jar;C:\Users\Lukasz\.m2\repository\org\yaml\snakeyaml\1.33\snakeyaml-1.33.jar;C:\Users\Lukasz\.m2\repository\org\springframework\boot\spring-boot-starter-json\3.1.5\spring-boot-starter-json-3.1.5.jar;C:\Users\Lukasz\.m2\repository\com\fasterxml\jackson\core\jackson-databind\2.15.3\jackson-databind-2.15.3.jar;C:\Users\Lukasz\.m2\repository\com\fasterxml\jackson\core\jackson-annotations\2.15.3\jackson-annotations-2.15.3.jar;C:\Users\Lukasz\.m2\repository\com\fasterxml\jackson\core\jackson-core\2.15.3\jackson-core-2.15.3.jar;C:\Users\Lukasz\.m2\repository\com\fasterxml\jackson\datatype\jackson-datatype-jdk8\2.15.3\jackson-datatype-jdk8-2.15.3.jar;C:\Users\Lukasz\.m2\repository\com\fasterxml\jackson\datatype\jackson-datatype-jsr310\2.15.3\jackson-datatype-jsr310-2.15.3.jar;C:\Users\Lukasz\.m2\repository\com\fasterxml\jackson\module\jackson-module-parameter-names\2.15.3\jackson-module-parameter-names-2.15.3.jar;C:\Users\Lukasz\.m2\repository\org\springframework\boot\spring-boot-starter-tomcat\3.1.5\spring-boot-starter-tomcat-3.1.5.jar;C:\Users\Lukasz\.m2\repository\org\apache\tomcat\embed\tomcat-embed-core\10.1.15\tomcat-embed-core-10.1.15.jar;C:\Users\Lukasz\.m2\repository\org\apache\tomcat\embed\tomcat-embed-el\10.1.15\tomcat-embed-el-10.1.15.jar;C:\Users\Lukasz\.m2\repository\org\apache\tomcat\embed\tomcat-embed-websocket\10.1.15\tomcat-embed-websocket-10.1.15.jar;C:\Users\Lukasz\.m2\repository\org\springframework\spring-web\6.0.13\spring-web-6.0.13.jar;C:\Users\Lukasz\.m2\repository\io\micrometer\micrometer-observation\1.11.5\micrometer-observation-1.11.5.jar;C:\Users\Lukasz\.m2\repository\io\micrometer\micrometer-commons\1.11.5\micrometer-commons-1.11.5.jar;C:\Users\Lukasz\.m2\repository\org\springframework\spring-webmvc\6.0.13\spring-webmvc-6.0.13.jar;C:\Users\Lukasz\.m2\repository\org\springframework\spring-expression\6.0.13\spring-expression-6.0.13.jar;C:\Users\Lukasz\.m2\repository\com\vaadin\vaadin-spring-boot-starter\24.2.2\vaadin-spring-boot-starter-24.2.2.jar;C:\Users\Lukasz\.m2\repository\com\vaadin\vaadin-spring\24.2.2\vaadin-spring-24.2.2.jar;C:\Users\Lukasz\.m2\repository\com\vaadin\flow-server\24.2.2\flow-server-24.2.2.jar;C:\Users\Lukasz\.m2\repository\com\vaadin\servletdetector\throw-if-servlet3\1.0.2\throw-if-servlet3-1.0.2.jar;C:\Users\Lukasz\.m2\repository\com\vaadin\external\gwt\gwt-elemental\2.8.2.vaadin2\gwt-elemental-2.8.2.vaadin2.jar;C:\Users\Lukasz\.m2\repository\org\apache\commons\commons-fileupload2-jakarta\2.0.0-M1\commons-fileupload2-jakarta-2.0.0-M1.jar;C:\Users\Lukasz\.m2\repository\org\apache\commons\commons-fileupload2-core\2.0.0-M1\commons-fileupload2-core-2.0.0-M1.jar;C:\Users\Lukasz\.m2\repository\commons-io\commons-io\2.13.0\commons-io-2.13.0.jar;C:\Users\Lukasz\.m2\repository\org\jsoup\jsoup\1.16.1\jsoup-1.16.1.jar;C:\Users\Lukasz\.m2\repository\com\helger\ph-css\7.0.1\ph-css-7.0.1.jar;C:\Users\Lukasz\.m2\repository\com\helger\commons\ph-commons\11.1.0\ph-commons-11.1.0.jar;C:\Users\Lukasz\.m2\repository\org\ow2\asm\asm\9.5\asm-9.5.jar;C:\Users\Lukasz\.m2\repository\com\vaadin\external\gentyref\1.2.0.vaadin1\gentyref-1.2.0.vaadin1.jar;C:\Users\Lukasz\.m2\repository\org\apache\commons\commons-compress\1.24.0\commons-compress-1.24.0.jar;C:\Users\Lukasz\.m2\repository\com\vaadin\flow-push\24.2.2\flow-push-24.2.2.jar;C:\Users\Lukasz\.m2\repository\com\vaadin\external\atmosphere\atmosphere-runtime\3.0.3.slf4jvaadin1\atmosphere-runtime-3.0.3.slf4jvaadin1.jar;C:\Users\Lukasz\.m2\repository\com\vaadin\flow-client\24.2.2\flow-client-24.2.2.jar;C:\Users\Lukasz\.m2\repository\org\springframework\spring-websocket\6.0.13\spring-websocket-6.0.13.jar;C:\Users\Lukasz\.m2\repository\org\hibernate\validator\hibernate-validator\8.0.1.Final\hibernate-validator-8.0.1.Final.jar;C:\Users\Lukasz\.m2\repository\jakarta\validation\jakarta.validation-api\3.0.2\jakarta.validation-api-3.0.2.jar;C:\Users\Lukasz\.m2\repository\org\reflections\reflections\0.10.2\reflections-0.10.2.jar;C:\Users\Lukasz\.m2\repository\org\javassist\javassist\3.28.0-GA\javassist-3.28.0-GA.jar;C:\Users\Lukasz\.m2\repository\com\google\code\findbugs\jsr305\3.0.2\jsr305-3.0.2.jar;C:\Users\Lukasz\.m2\repository\com\vaadin\vaadin-core\24.2.2\vaadin-core-24.2.2.jar;C:\Users\Lukasz\.m2\repository\com\vaadin\vaadin-core-internal\24.2.2\vaadin-core-internal-24.2.2.jar;C:\Users\Lukasz\.m2\repository\com\vaadin\flow-lit-template\24.2.2\flow-lit-template-24.2.2.jar;C:\Users\Lukasz\.m2\repository\com\vaadin\flow-html-components\24.2.2\flow-html-components-24.2.2.jar;C:\Users\Lukasz\.m2\repository\com\vaadin\flow-data\24.2.2\flow-data-24.2.2.jar;C:\Users\Lukasz\.m2\repository\com\vaadin\flow-dnd\24.2.2\flow-dnd-24.2.2.jar;C:\Users\Lukasz\.m2\repository\com\vaadin\vaadin-lumo-theme\24.2.2\vaadin-lumo-theme-24.2.2.jar;C:\Users\Lukasz\.m2\repository\com\vaadin\vaadin-material-theme\24.2.2\vaadin-material-theme-24.2.2.jar;C:\Users\Lukasz\.m2\repository\com\vaadin\vaadin-accordion-flow\24.2.2\vaadin-accordion-flow-24.2.2.jar;C:\Users\Lukasz\.m2\repository\com\vaadin\vaadin-avatar-flow\24.2.2\vaadin-avatar-flow-24.2.2.jar;C:\Users\Lukasz\.m2\repository\com\vaadin\vaadin-flow-components-base\24.2.2\vaadin-flow-components-base-24.2.2.jar;C:\Users\Lukasz\.m2\repository\com\vaadin\vaadin-button-flow\24.2.2\vaadin-button-flow-24.2.2.jar;C:\Users\Lukasz\.m2\repository\com\vaadin\vaadin-checkbox-flow\24.2.2\vaadin-checkbox-flow-24.2.2.jar;C:\Users\Lukasz\.m2\repository\com\vaadin\vaadin-combo-box-flow\24.2.2\vaadin-combo-box-flow-24.2.2.jar;C:\Users\Lukasz\.m2\repository\com\vaadin\vaadin-confirm-dialog-flow\24.2.2\vaadin-confirm-dialog-flow-24.2.2.jar;C:\Users\Lukasz\.m2\repository\com\vaadin\vaadin-custom-field-flow\24.2.2\vaadin-custom-field-flow-24.2.2.jar;C:\Users\Lukasz\.m2\repository\com\vaadin\vaadin-date-picker-flow\24.2.2\vaadin-date-picker-flow-24.2.2.jar;C:\Users\Lukasz\.m2\repository\com\vaadin\vaadin-date-time-picker-flow\24.2.2\vaadin-date-time-picker-flow-24.2.2.jar;C:\Users\Lukasz\.m2\repository\com\vaadin\vaadin-details-flow\24.2.2\vaadin-details-flow-24.2.2.jar;C:\Users\Lukasz\.m2\repository\com\vaadin\vaadin-time-picker-flow\24.2.2\vaadin-time-picker-flow-24.2.2.jar;C:\Users\Lukasz\.m2\repository\com\vaadin\vaadin-select-flow\24.2.2\vaadin-select-flow-24.2.2.jar;C:\Users\Lukasz\.m2\repository\com\vaadin\vaadin-side-nav-flow\24.2.2\vaadin-side-nav-flow-24.2.2.jar;C:\Users\Lukasz\.m2\repository\com\vaadin\vaadin-dialog-flow\24.2.2\vaadin-dialog-flow-24.2.2.jar;C:\Users\Lukasz\.m2\repository\com\vaadin\vaadin-form-layout-flow\24.2.2\vaadin-form-layout-flow-24.2.2.jar;C:\Users\Lukasz\.m2\repository\com\vaadin\vaadin-field-highlighter-flow\24.2.2\vaadin-field-highlighter-flow-24.2.2.jar;C:\Users\Lukasz\.m2\repository\com\vaadin\vaadin-grid-flow\24.2.2\vaadin-grid-flow-24.2.2.jar;C:\Users\Lukasz\.m2\repository\org\apache\commons\commons-lang3\3.12.0\commons-lang3-3.12.0.jar;C:\Users\Lukasz\.m2\repository\com\vaadin\vaadin-icons-flow\24.2.2\vaadin-icons-flow-24.2.2.jar;C:\Users\Lukasz\.m2\repository\com\vaadin\vaadin-virtual-list-flow\24.2.2\vaadin-virtual-list-flow-24.2.2.jar;C:\Users\Lukasz\.m2\repository\com\vaadin\vaadin-list-box-flow\24.2.2\vaadin-list-box-flow-24.2.2.jar;C:\Users\Lukasz\.m2\repository\com\vaadin\vaadin-login-flow\24.2.2\vaadin-login-flow-24.2.2.jar;C:\Users\Lukasz\.m2\repository\com\vaadin\vaadin-messages-flow\24.2.2\vaadin-messages-flow-24.2.2.jar;C:\Users\Lukasz\.m2\repository\com\vaadin\vaadin-ordered-layout-flow\24.2.2\vaadin-ordered-layout-flow-24.2.2.jar;C:\Users\Lukasz\.m2\repository\com\vaadin\vaadin-progress-bar-flow\24.2.2\vaadin-progress-bar-flow-24.2.2.jar;C:\Users\Lukasz\.m2\repository\com\vaadin\vaadin-radio-button-flow\24.2.2\vaadin-radio-button-flow-24.2.2.jar;C:\Users\Lukasz\.m2\repository\com\vaadin\vaadin-renderer-flow\24.2.2\vaadin-renderer-flow-24.2.2.jar;C:\Users\Lukasz\.m2\repository\com\vaadin\vaadin-split-layout-flow\24.2.2\vaadin-split-layout-flow-24.2.2.jar;C:\Users\Lukasz\.m2\repository\com\vaadin\vaadin-tabs-flow\24.2.2\vaadin-tabs-flow-24.2.2.jar;C:\Users\Lukasz\.m2\repository\com\vaadin\vaadin-text-field-flow\24.2.2\vaadin-text-field-flow-24.2.2.jar;C:\Users\Lukasz\.m2\repository\com\vaadin\vaadin-upload-flow\24.2.2\vaadin-upload-flow-24.2.2.jar;C:\Users\Lukasz\.m2\repository\com\vaadin\vaadin-notification-flow\24.2.2\vaadin-notification-flow-24.2.2.jar;C:\Users\Lukasz\.m2\repository\com\vaadin\vaadin-app-layout-flow\24.2.2\vaadin-app-layout-flow-24.2.2.jar;C:\Users\Lukasz\.m2\repository\com\vaadin\vaadin-context-menu-flow\24.2.2\vaadin-context-menu-flow-24.2.2.jar;C:\Users\Lukasz\.m2\repository\com\vaadin\vaadin-menu-bar-flow\24.2.2\vaadin-menu-bar-flow-24.2.2.jar;C:\Users\Lukasz\.m2\repository\com\vaadin\vaadin-dev\24.2.2\vaadin-dev-24.2.2.jar;C:\Users\Lukasz\.m2\repository\com\vaadin\vaadin-dev-server\24.2.2\vaadin-dev-server-24.2.2.jar;C:\Users\Lukasz\.m2\repository\com\vaadin\license-checker\1.12.3\license-checker-1.12.3.jar;C:\Users\Lukasz\.m2\repository\com\github\oshi\oshi-core\6.4.1\oshi-core-6.4.1.jar;C:\Users\Lukasz\.m2\repository\net\java\dev\jna\jna\5.13.0\jna-5.13.0.jar;C:\Users\Lukasz\.m2\repository\net\java\dev\jna\jna-platform\5.13.0\jna-platform-5.13.0.jar;C:\Users\Lukasz\.m2\repository\com\nimbusds\nimbus-jose-jwt\9.31\nimbus-jose-jwt-9.31.jar;C:\Users\Lukasz\.m2\repository\org\lucee\jcip-annotations\1.0.0\jcip-annotations-1.0.0.jar;C:\Users\Lukasz\.m2\repository\com\vaadin\open\8.5.0\open-8.5.0.jar;C:\Users\Lukasz\.m2\repository\com\github\javaparser\javaparser-core\3.25.5\javaparser-core-3.25.5.jar;C:\Users\Lukasz\.m2\repository\io\methvin\directory-watcher\0.18.0\directory-watcher-0.18.0.jar;C:\Users\Lukasz\.m2\repository\com\vaadin\vaadin-dev-bundle\24.2.2\vaadin-dev-bundle-24.2.2.jar;C:\Users\Lukasz\.m2\repository\com\h2database\h2\2.1.214\h2-2.1.214.jar;C:\Users\Lukasz\.m2\repository\com\mysql\mysql-connector-j\8.0.33\mysql-connector-j-8.0.33.jar;C:\Users\Lukasz\.m2\repository\org\springframework\boot\spring-boot-starter-test\3.1.5\spring-boot-starter-test-3.1.5.jar;C:\Users\Lukasz\.m2\repository\org\springframework\boot\spring-boot-test\3.1.5\spring-boot-test-3.1.5.jar;C:\Users\Lukasz\.m2\repository\org\springframework\boot\spring-boot-test-autoconfigure\3.1.5\spring-boot-test-autoconfigure-3.1.5.jar;C:\Users\Lukasz\.m2\repository\com\jayway\jsonpath\json-path\2.8.0\json-path-2.8.0.jar;C:\Users\Lukasz\.m2\repository\jakarta\xml\bind\jakarta.xml.bind-api\4.0.1\jakarta.xml.bind-api-4.0.1.jar;C:\Users\Lukasz\.m2\repository\jakarta\activation\jakarta.activation-api\2.1.2\jakarta.activation-api-2.1.2.jar;C:\Users\Lukasz\.m2\repository\net\minidev\json-smart\2.4.11\json-smart-2.4.11.jar;C:\Users\Lukasz\.m2\repository\net\minidev\accessors-smart\2.4.11\accessors-smart-2.4.11.jar;C:\Users\Lukasz\.m2\repository\org\assertj\assertj-core\3.24.2\assertj-core-3.24.2.jar;C:\Users\Lukasz\.m2\repository\org\hamcrest\hamcrest\2.2\hamcrest-2.2.jar;C:\Users\Lukasz\.m2\repository\org\junit\jupiter\junit-jupiter\5.9.3\junit-jupiter-5.9.3.jar;C:\Users\Lukasz\.m2\repository\org\junit\jupiter\junit-jupiter-api\5.9.3\junit-jupiter-api-5.9.3.jar;C:\Users\Lukasz\.m2\repository\org\opentest4j\opentest4j\1.2.0\opentest4j-1.2.0.jar;C:\Users\Lukasz\.m2\repository\org\junit\platform\junit-platform-commons\1.9.3\junit-platform-commons-1.9.3.jar;C:\Users\Lukasz\.m2\repository\org\apiguardian\apiguardian-api\1.1.2\apiguardian-api-1.1.2.jar;C:\Users\Lukasz\.m2\repository\org\junit\jupiter\junit-jupiter-params\5.9.3\junit-jupiter-params-5.9.3.jar;C:\Users\Lukasz\.m2\repository\org\junit\jupiter\junit-jupiter-engine\5.9.3\junit-jupiter-engine-5.9.3.jar;C:\Users\Lukasz\.m2\repository\org\junit\platform\junit-platform-engine\1.9.3\junit-platform-engine-1.9.3.jar;C:\Users\Lukasz\.m2\repository\org\mockito\mockito-core\5.3.1\mockito-core-5.3.1.jar;C:\Users\Lukasz\.m2\repository\net\bytebuddy\byte-buddy-agent\1.14.9\byte-buddy-agent-1.14.9.jar;C:\Users\Lukasz\.m2\repository\org\objenesis\objenesis\3.3\objenesis-3.3.jar;C:\Users\Lukasz\.m2\repository\org\mockito\mockito-junit-jupiter\5.3.1\mockito-junit-jupiter-5.3.1.jar;C:\Users\Lukasz\.m2\repository\org\skyscreamer\jsonassert\1.5.1\jsonassert-1.5.1.jar;C:\Users\Lukasz\.m2\repository\com\vaadin\external\google\android-json\0.0.20131108.vaadin1\android-json-0.0.20131108.vaadin1.jar;C:\Users\Lukasz\.m2\repository\org\springframework\spring-core\6.0.13\spring-core-6.0.13.jar;C:\Users\Lukasz\.m2\repository\org\springframework\spring-jcl\6.0.13\spring-jcl-6.0.13.jar;C:\Users\Lukasz\.m2\repository\org\springframework\spring-test\6.0.13\spring-test-6.0.13.jar;C:\Users\Lukasz\.m2\repository\org\xmlunit\xmlunit-core\2.9.1\xmlunit-core-2.9.1.jar;C:\Users\Lukasz\.m2\repository\com\vaadin\flow-server-production-mode\24.2.2\flow-server-production-mode-24.2.2.jar;"/>
    <property name="sun.cpu.endian" value="little"/>
    <property name="user.home" value="C:\Users\Lukasz"/>
    <property name="user.language" value="pl"/>
    <property name="java.specification.vendor" value="Oracle Corporation"/>
    <property name="java.version.date" value="2023-09-19"/>
    <property name="java.home" value="C:\Program Files\Java\jdk-21"/>
    <property name="file.separator" value="\"/>
    <property name="basedir" value="F:\Projekty\CarShop"/>
    <property name="java.vm.compressedOopsMode" value="Zero based"/>
    <property name="line.separator" value="&#10;"/>
    <property name="java.vm.specification.vendor" value="Oracle Corporation"/>
    <property name="java.specification.name" value="Java Platform API Specification"/>
    <property name="FILE_LOG_CHARSET" value="UTF-8"/>
    <property name="java.awt.headless" value="true"/>
    <property name="surefire.real.class.path" value="C:\Users\Lukasz\AppData\Local\Temp\surefire12031601798397928993\surefirebooter-20231120141131002_3.jar"/>
    <property name="user.script" value=""/>
    <property name="sun.management.compiler" value="HotSpot 64-Bit Tiered Compilers"/>
    <property name="java.runtime.version" value="21+35-LTS-2513"/>
    <property name="user.name" value="Lukasz"/>
    <property name="stdout.encoding" value="Cp1250"/>
    <property name="path.separator" value=";"/>
    <property name="os.version" value="10.0"/>
    <property name="java.runtime.name" value="Java(TM) SE Runtime Environment"/>
    <property name="file.encoding" value="UTF-8"/>
    <property name="java.vm.name" value="Java HotSpot(TM) 64-Bit Server VM"/>
    <property name="localRepository" value="C:\Users\Lukasz\.m2\repository"/>
    <property name="java.vendor.url.bug" value="https://bugreport.java.com/bugreport/"/>
    <property name="java.io.tmpdir" value="C:\Users\Lukasz\AppData\Local\Temp\"/>
    <property name="idea.version" value="2023.2.5"/>
    <property name="com.zaxxer.hikari.pool_number" value="1"/>
    <property name="java.version" value="21"/>
    <property name="user.dir" value="F:\Projekty\CarShop"/>
    <property name="os.arch" value="amd64"/>
    <property name="java.vm.specification.name" value="Java Virtual Machine Specification"/>
    <property name="PID" value="7440"/>
    <property name="sun.os.patch.level" value=""/>
    <property name="CONSOLE_LOG_CHARSET" value="UTF-8"/>
    <property name="native.encoding" value="Cp1250"/>
    <property name="java.library.path" value="C:\Program Files\Java\jdk-21\bin;C:\Windows\Sun\Java\bin;C:\Windows\system32;C:\Windows;C:\Program Files\Common Files\Oracle\Java\javapath;C:\Program Files\Eclipse Adoptium\jdk-11.0.18.10-hotspot\bin;C:\Windows\system32;C:\Windows;C:\Windows\System32\Wbem;C:\Windows\System32\WindowsPowerShell\v1.0\;C:\Windows\System32\OpenSSH\;C:\Program Files\nodejs\;D:\Program files\putty\;C:\Program Files\Git\cmd;C:\Users\Lukasz\.m2\repository;C:\Program Files\Docker\Docker\resources\bin;D:\CV\IT\apache-maven-3.9.5\bin;C:\Program Files\MySQL\MySQL Shell 8.0\bin\;C:\Users\Lukasz\AppData\Roaming\npm;."/>
    <property name="java.vm.info" value="mixed mode, sharing"/>
    <property name="stderr.encoding" value="Cp1250"/>
    <property name="java.vendor" value="Oracle Corporation"/>
    <property name="java.vm.version" value="21+35-LTS-2513"/>
    <property name="sun.io.unicode.encoding" value="UnicodeLittle"/>
    <property name="java.class.version" value="65.0"/>
  </properties>
  <testcase name="contextLoads" classname="com.example.carshop.CarShopApplicationTests" time="0.778">
    <system-out><![CDATA[14:11:32.309 [main] INFO org.springframework.test.context.support.AnnotationConfigContextLoaderUtils -- Could not detect default configuration classes for test class [com.example.carshop.CarShopApplicationTests]: CarShopApplicationTests does not declare any static, non-private, non-final, nested classes annotated with @Configuration.
14:11:32.468 [main] INFO org.springframework.boot.test.context.SpringBootTestContextBootstrapper -- Found @SpringBootConfiguration com.example.carshop.CarShopApplication for test class com.example.carshop.CarShopApplicationTests

  .   ____          _            __ _ _
 /\\ / ___'_ __ _ _(_)_ __  __ _ \ \ \ \
( ( )\___ | '_ | '_| | '_ \/ _` | \ \ \ \
 \\/  ___)| |_)| | | | | || (_| |  ) ) ) )
  '  |____| .__|_| |_|_| |_\__, | / / / /
 =========|_|==============|___/=/_/_/_/
 :: Spring Boot ::                (v3.1.5)

2023-11-20T14:11:33.121+01:00  INFO 7440 --- [           main] c.e.carshop.CarShopApplicationTests      : Starting CarShopApplicationTests using Java 21 with PID 7440 (started by Lukasz in F:\Projekty\CarShop)
2023-11-20T14:11:33.122+01:00  INFO 7440 --- [           main] c.e.carshop.CarShopApplicationTests      : No active profile set, falling back to 1 default profile: "default"
2023-11-20T14:11:34.316+01:00  INFO 7440 --- [           main] .s.d.r.c.RepositoryConfigurationDelegate : Bootstrapping Spring Data JPA repositories in DEFAULT mode.
2023-11-20T14:11:34.435+01:00  INFO 7440 --- [           main] .s.d.r.c.RepositoryConfigurationDelegate : Finished Spring Data repository scanning in 101 ms. Found 3 JPA repository interfaces.
2023-11-20T14:11:35.223+01:00  INFO 7440 --- [           main] o.hibernate.jpa.internal.util.LogHelper  : HHH000204: Processing PersistenceUnitInfo [name: default]
2023-11-20T14:11:35.337+01:00  INFO 7440 --- [           main] org.hibernate.Version                    : HHH000412: Hibernate ORM core version 6.2.13.Final
2023-11-20T14:11:35.344+01:00  INFO 7440 --- [           main] org.hibernate.cfg.Environment            : HHH000406: Using bytecode reflection optimizer
2023-11-20T14:11:35.934+01:00  INFO 7440 --- [           main] o.s.o.j.p.SpringPersistenceUnitInfo      : No LoadTimeWeaver setup: ignoring JPA class transformer
2023-11-20T14:11:35.997+01:00  INFO 7440 --- [           main] com.zaxxer.hikari.HikariDataSource       : HikariPool-1 - Starting...
2023-11-20T14:11:36.706+01:00  INFO 7440 --- [           main] com.zaxxer.hikari.pool.HikariPool        : HikariPool-1 - Added connection com.mysql.cj.jdbc.ConnectionImpl@4abbe41c
2023-11-20T14:11:36.710+01:00  INFO 7440 --- [           main] com.zaxxer.hikari.HikariDataSource       : HikariPool-1 - Start completed.
2023-11-20T14:11:38.226+01:00  INFO 7440 --- [           main] o.h.e.t.j.p.i.JtaPlatformInitiator       : HHH000489: No JTA platform available (set 'hibernate.transaction.jta.platform' to enable JTA platform integration)
2023-11-20T14:11:38.340+01:00  INFO 7440 --- [           main] j.LocalContainerEntityManagerFactoryBean : Initialized JPA EntityManagerFactory for persistence unit 'default'
2023-11-20T14:11:39.447+01:00  WARN 7440 --- [           main] JpaBaseConfiguration$JpaWebConfiguration : spring.jpa.open-in-view is enabled by default. Therefore, database queries may be performed during view rendering. Explicitly configure spring.jpa.open-in-view to disable this warning
2023-11-20T14:11:40.180+01:00  INFO 7440 --- [           main] c.e.carshop.CarShopApplicationTests      : Started CarShopApplicationTests in 7.49 seconds (process running for 9.004)
]]></system-out>
    <system-err><![CDATA[WARNING: A Java agent has been loaded dynamically (C:\Users\Lukasz\.m2\repository\net\bytebuddy\byte-buddy-agent\1.14.9\byte-buddy-agent-1.14.9.jar)
WARNING: If a serviceability tool is in use, please run with -XX:+EnableDynamicAgentLoading to hide this warning
WARNING: If a serviceability tool is not in use, please run with -Djdk.instrument.traceUsage for more information
WARNING: Dynamic loading of agents will be disallowed by default in a future release
]]></system-err>
  </testcase>
</testsuite>